<?xml version="1.0" encoding="UTF-8"?>
<testsuite name="com.spendwise.app.domain.util.CurrencyConverterTest" tests="3" skipped="0" failures="0" errors="0" timestamp="2026-05-14T17:07:47.374Z" hostname="wangshiqideMacBook-Air.local" time="0.0">
  <properties/>
  <testcase name="convertFromCny with USD returns correct calculated amount" classname="com.spendwise.app.domain.util.CurrencyConverterTest" time="0.0"/>
  <testcase name="convertToCny with USD returns correct calculated amount" classname="com.spendwise.app.domain.util.CurrencyConverterTest" time="0.0"/>
  <testcase name="convertToCny with CNY returns same amount" classname="com.spendwise.app.domain.util.CurrencyConverterTest" time="0.0"/>
  <system-out><![CDATA[]]></system-out>
  <system-err><![CDATA[]]></system-err>
</testsuite>
