<?xml version="1.0" encoding="UTF-8"?>
<testsuite name="com.spendwise.app.presentation.transactions.TransactionListViewModelTest" tests="3" skipped="0" failures="0" errors="0" timestamp="2026-05-14T17:07:47.376Z" hostname="wangshiqideMacBook-Air.local" time="0.099">
  <properties/>
  <testcase name="search query filters transactions by title and category" classname="com.spendwise.app.presentation.transactions.TransactionListViewModelTest" time="0.092"/>
  <testcase name="initial state loads transactions for current month only" classname="com.spendwise.app.presentation.transactions.TransactionListViewModelTest" time="0.003"/>
  <testcase name="changing month loads data for that month" classname="com.spendwise.app.presentation.transactions.TransactionListViewModelTest" time="0.004"/>
  <system-out><![CDATA[]]></system-out>
  <system-err><![CDATA[]]></system-err>
</testsuite>
